c:\users\xxx\desktop\курсовой 2 семестр\oop-andermirik\kkk2\debug\vc141.pdb
c:\users\xxx\desktop\курсовой 2 семестр\oop-andermirik\kkk2\debug\vc141.idb
c:\users\xxx\desktop\курсовой 2 семестр\oop-andermirik\kkk2\debug\airplane.obj
c:\users\xxx\desktop\курсовой 2 семестр\oop-andermirik\kkk2\debug\color.obj
c:\users\xxx\desktop\курсовой 2 семестр\oop-andermirik\kkk2\debug\container.obj
c:\users\xxx\desktop\курсовой 2 семестр\oop-andermirik\kkk2\debug\fly.obj
c:\users\xxx\desktop\курсовой 2 семестр\oop-andermirik\kkk2\debug\globals.obj
c:\users\xxx\desktop\курсовой 2 семестр\oop-andermirik\kkk2\debug\helicopter.obj
c:\users\xxx\desktop\курсовой 2 семестр\oop-andermirik\kkk2\debug\interface.obj
c:\users\xxx\desktop\курсовой 2 семестр\oop-andermirik\kkk2\debug\linker.obj
c:\users\xxx\desktop\курсовой 2 семестр\oop-andermirik\kkk2\debug\object.obj
c:\users\xxx\desktop\курсовой 2 семестр\oop-andermirik\kkk2\debug\objectlist.obj
c:\users\xxx\desktop\курсовой 2 семестр\oop-andermirik\kkk2\debug\reader.obj
c:\users\xxx\desktop\курсовой 2 семестр\oop-andermirik\debug\kkk2.ilk
c:\users\xxx\desktop\курсовой 2 семестр\oop-andermirik\debug\kkk2.exe
c:\users\xxx\desktop\курсовой 2 семестр\oop-andermirik\debug\kkk2.pdb
c:\users\xxx\desktop\курсовой 2 семестр\oop-andermirik\kkk2\debug\kkk2.tlog\cl.command.1.tlog
c:\users\xxx\desktop\курсовой 2 семестр\oop-andermirik\kkk2\debug\kkk2.tlog\cl.read.1.tlog
c:\users\xxx\desktop\курсовой 2 семестр\oop-andermirik\kkk2\debug\kkk2.tlog\cl.write.1.tlog
c:\users\xxx\desktop\курсовой 2 семестр\oop-andermirik\kkk2\debug\kkk2.tlog\link.command.1.tlog
c:\users\xxx\desktop\курсовой 2 семестр\oop-andermirik\kkk2\debug\kkk2.tlog\link.read.1.tlog
c:\users\xxx\desktop\курсовой 2 семестр\oop-andermirik\kkk2\debug\kkk2.tlog\link.write.1.tlog
