  Airplane.cpp
c:\users\xxx\desktop\курсовой 2 семестр\oop-andermirik\kkk2\globals.h(13): warning C4091: extern : пропускается слева от "lang", когда ни одна переменная не объявлена
c:\users\xxx\desktop\курсовой 2 семестр\oop-andermirik\kkk2\globals.h(18): warning C4091: extern : пропускается слева от "namefile", когда ни одна переменная не объявлена
c:\users\xxx\desktop\курсовой 2 семестр\oop-andermirik\kkk2\globals.h(31): warning C4091: extern : пропускается слева от "slides", когда ни одна переменная не объявлена
c:\users\xxx\desktop\курсовой 2 семестр\oop-andermirik\kkk2\globals.h(44): warning C4091: extern : пропускается слева от "Style::style", когда ни одна переменная не объявлена
  Создание кода...
  Компиляция...
  interface.cpp
c:\users\xxx\desktop\курсовой 2 семестр\oop-andermirik\kkk2\globals.h(13): warning C4091: extern : пропускается слева от "lang", когда ни одна переменная не объявлена
c:\users\xxx\desktop\курсовой 2 семестр\oop-andermirik\kkk2\globals.h(18): warning C4091: extern : пропускается слева от "namefile", когда ни одна переменная не объявлена
c:\users\xxx\desktop\курсовой 2 семестр\oop-andermirik\kkk2\globals.h(31): warning C4091: extern : пропускается слева от "slides", когда ни одна переменная не объявлена
c:\users\xxx\desktop\курсовой 2 семестр\oop-andermirik\kkk2\globals.h(44): warning C4091: extern : пропускается слева от "Style::style", когда ни одна переменная не объявлена
c:\users\xxx\desktop\курсовой 2 семестр\oop-andermirik\kkk2\interface.cpp(41): warning C4101: e: неиспользованная локальная переменная
c:\users\xxx\desktop\курсовой 2 семестр\oop-andermirik\kkk2\interface.cpp(128): warning C4101: e: неиспользованная локальная переменная
c:\users\xxx\desktop\курсовой 2 семестр\oop-andermirik\kkk2\interface.cpp(148): warning C4101: e: неиспользованная локальная переменная
c:\users\xxx\desktop\курсовой 2 семестр\oop-andermirik\kkk2\interface.cpp(458): warning C4101: e: неиспользованная локальная переменная
c:\users\xxx\desktop\курсовой 2 семестр\oop-andermirik\kkk2\interface.cpp(478): warning C4101: e: неиспользованная локальная переменная
  globals.cpp
c:\users\xxx\desktop\курсовой 2 семестр\oop-andermirik\kkk2\globals.h(13): warning C4091: extern : пропускается слева от "lang", когда ни одна переменная не объявлена
c:\users\xxx\desktop\курсовой 2 семестр\oop-andermirik\kkk2\globals.h(18): warning C4091: extern : пропускается слева от "namefile", когда ни одна переменная не объявлена
c:\users\xxx\desktop\курсовой 2 семестр\oop-andermirik\kkk2\globals.h(31): warning C4091: extern : пропускается слева от "slides", когда ни одна переменная не объявлена
c:\users\xxx\desktop\курсовой 2 семестр\oop-andermirik\kkk2\globals.h(44): warning C4091: extern : пропускается слева от "Style::style", когда ни одна переменная не объявлена
  container.cpp
c:\users\xxx\desktop\курсовой 2 семестр\oop-andermirik\kkk2\globals.h(13): warning C4091: extern : пропускается слева от "lang", когда ни одна переменная не объявлена
c:\users\xxx\desktop\курсовой 2 семестр\oop-andermirik\kkk2\globals.h(18): warning C4091: extern : пропускается слева от "namefile", когда ни одна переменная не объявлена
c:\users\xxx\desktop\курсовой 2 семестр\oop-andermirik\kkk2\globals.h(31): warning C4091: extern : пропускается слева от "slides", когда ни одна переменная не объявлена
c:\users\xxx\desktop\курсовой 2 семестр\oop-andermirik\kkk2\globals.h(44): warning C4091: extern : пропускается слева от "Style::style", когда ни одна переменная не объявлена
  ObjectList.cpp
c:\users\xxx\desktop\курсовой 2 семестр\oop-andermirik\kkk2\globals.h(13): warning C4091: extern : пропускается слева от "lang", когда ни одна переменная не объявлена
c:\users\xxx\desktop\курсовой 2 семестр\oop-andermirik\kkk2\globals.h(18): warning C4091: extern : пропускается слева от "namefile", когда ни одна переменная не объявлена
c:\users\xxx\desktop\курсовой 2 семестр\oop-andermirik\kkk2\globals.h(31): warning C4091: extern : пропускается слева от "slides", когда ни одна переменная не объявлена
c:\users\xxx\desktop\курсовой 2 семестр\oop-andermirik\kkk2\globals.h(44): warning C4091: extern : пропускается слева от "Style::style", когда ни одна переменная не объявлена
  Helicopter.cpp
c:\users\xxx\desktop\курсовой 2 семестр\oop-andermirik\kkk2\globals.h(13): warning C4091: extern : пропускается слева от "lang", когда ни одна переменная не объявлена
c:\users\xxx\desktop\курсовой 2 семестр\oop-andermirik\kkk2\globals.h(18): warning C4091: extern : пропускается слева от "namefile", когда ни одна переменная не объявлена
c:\users\xxx\desktop\курсовой 2 семестр\oop-andermirik\kkk2\globals.h(31): warning C4091: extern : пропускается слева от "slides", когда ни одна переменная не объявлена
c:\users\xxx\desktop\курсовой 2 семестр\oop-andermirik\kkk2\globals.h(44): warning C4091: extern : пропускается слева от "Style::style", когда ни одна переменная не объявлена
  Fly.cpp
c:\users\xxx\desktop\курсовой 2 семестр\oop-andermirik\kkk2\globals.h(13): warning C4091: extern : пропускается слева от "lang", когда ни одна переменная не объявлена
c:\users\xxx\desktop\курсовой 2 семестр\oop-andermirik\kkk2\globals.h(18): warning C4091: extern : пропускается слева от "namefile", когда ни одна переменная не объявлена
c:\users\xxx\desktop\курсовой 2 семестр\oop-andermirik\kkk2\globals.h(31): warning C4091: extern : пропускается слева от "slides", когда ни одна переменная не объявлена
c:\users\xxx\desktop\курсовой 2 семестр\oop-andermirik\kkk2\globals.h(44): warning C4091: extern : пропускается слева от "Style::style", когда ни одна переменная не объявлена
  Color.cpp
c:\users\xxx\desktop\курсовой 2 семестр\oop-andermirik\kkk2\globals.h(13): warning C4091: extern : пропускается слева от "lang", когда ни одна переменная не объявлена
c:\users\xxx\desktop\курсовой 2 семестр\oop-andermirik\kkk2\globals.h(18): warning C4091: extern : пропускается слева от "namefile", когда ни одна переменная не объявлена
c:\users\xxx\desktop\курсовой 2 семестр\oop-andermirik\kkk2\globals.h(31): warning C4091: extern : пропускается слева от "slides", когда ни одна переменная не объявлена
c:\users\xxx\desktop\курсовой 2 семестр\oop-andermirik\kkk2\globals.h(44): warning C4091: extern : пропускается слева от "Style::style", когда ни одна переменная не объявлена
  Создание кода...
  kkk2.vcxproj -> C:\Users\xxx\Desktop\курсовой 2 семестр\OOP-andermirik\Debug\kkk2.exe
  kkk2.vcxproj -> C:\Users\xxx\Desktop\курсовой 2 семестр\OOP-andermirik\Debug\kkk2.pdb (Partial PDB)
