  Reader.cpp
  ObjectList.cpp
c:\users\xxx\desktop\курсовой 2 семестр\oop-andermirik\kkk2\globals.h(11): warning C4091: extern : пропускается слева от "lang", когда ни одна переменная не объявлена
c:\users\xxx\desktop\курсовой 2 семестр\oop-andermirik\kkk2\globals.h(16): warning C4091: extern : пропускается слева от "namefile", когда ни одна переменная не объявлена
c:\users\xxx\desktop\курсовой 2 семестр\oop-andermirik\kkk2\globals.h(29): warning C4091: extern : пропускается слева от "slides", когда ни одна переменная не объявлена
c:\users\xxx\desktop\курсовой 2 семестр\oop-andermirik\kkk2\globals.h(42): warning C4091: extern : пропускается слева от "Style::style", когда ни одна переменная не объявлена
  object.cpp
  linker.cpp
c:\users\xxx\desktop\курсовой 2 семестр\oop-andermirik\kkk2\globals.h(11): warning C4091: extern : пропускается слева от "lang", когда ни одна переменная не объявлена
c:\users\xxx\desktop\курсовой 2 семестр\oop-andermirik\kkk2\globals.h(16): warning C4091: extern : пропускается слева от "namefile", когда ни одна переменная не объявлена
c:\users\xxx\desktop\курсовой 2 семестр\oop-andermirik\kkk2\globals.h(29): warning C4091: extern : пропускается слева от "slides", когда ни одна переменная не объявлена
c:\users\xxx\desktop\курсовой 2 семестр\oop-andermirik\kkk2\globals.h(42): warning C4091: extern : пропускается слева от "Style::style", когда ни одна переменная не объявлена
  interface.cpp
c:\users\xxx\desktop\курсовой 2 семестр\oop-andermirik\kkk2\globals.h(11): warning C4091: extern : пропускается слева от "lang", когда ни одна переменная не объявлена
c:\users\xxx\desktop\курсовой 2 семестр\oop-andermirik\kkk2\globals.h(16): warning C4091: extern : пропускается слева от "namefile", когда ни одна переменная не объявлена
c:\users\xxx\desktop\курсовой 2 семестр\oop-andermirik\kkk2\globals.h(29): warning C4091: extern : пропускается слева от "slides", когда ни одна переменная не объявлена
c:\users\xxx\desktop\курсовой 2 семестр\oop-andermirik\kkk2\globals.h(42): warning C4091: extern : пропускается слева от "Style::style", когда ни одна переменная не объявлена
c:\users\xxx\desktop\курсовой 2 семестр\oop-andermirik\kkk2\interface.cpp(28): warning C4101: e: неиспользованная локальная переменная
c:\users\xxx\desktop\курсовой 2 семестр\oop-andermirik\kkk2\interface.cpp(65): warning C4101: e: неиспользованная локальная переменная
c:\users\xxx\desktop\курсовой 2 семестр\oop-andermirik\kkk2\interface.cpp(92): error C4996: 'fopen': This function or variable may be unsafe. Consider using fopen_s instead. To disable deprecation, use _CRT_SECURE_NO_WARNINGS. See online help for details.
  c:\program files (x86)\windows kits\10\include\10.0.15063.0\ucrt\stdio.h(207): note:  см. объявление "fopen"
c:\users\xxx\desktop\курсовой 2 семестр\oop-andermirik\kkk2\interface.cpp(135): warning C4101: e: неиспользованная локальная переменная
c:\users\xxx\desktop\курсовой 2 семестр\oop-andermirik\kkk2\interface.cpp(155): warning C4101: e: неиспользованная локальная переменная
c:\users\xxx\desktop\курсовой 2 семестр\oop-andermirik\kkk2\interface.cpp(260): error C4996: 'fopen': This function or variable may be unsafe. Consider using fopen_s instead. To disable deprecation, use _CRT_SECURE_NO_WARNINGS. See online help for details.
  c:\program files (x86)\windows kits\10\include\10.0.15063.0\ucrt\stdio.h(207): note:  см. объявление "fopen"
c:\users\xxx\desktop\курсовой 2 семестр\oop-andermirik\kkk2\interface.cpp(457): warning C4101: e: неиспользованная локальная переменная
c:\users\xxx\desktop\курсовой 2 семестр\oop-andermirik\kkk2\interface.cpp(477): warning C4101: e: неиспользованная локальная переменная
  Helicopter.cpp
c:\users\xxx\desktop\курсовой 2 семестр\oop-andermirik\kkk2\globals.h(11): warning C4091: extern : пропускается слева от "lang", когда ни одна переменная не объявлена
c:\users\xxx\desktop\курсовой 2 семестр\oop-andermirik\kkk2\globals.h(16): warning C4091: extern : пропускается слева от "namefile", когда ни одна переменная не объявлена
c:\users\xxx\desktop\курсовой 2 семестр\oop-andermirik\kkk2\globals.h(29): warning C4091: extern : пропускается слева от "slides", когда ни одна переменная не объявлена
c:\users\xxx\desktop\курсовой 2 семестр\oop-andermirik\kkk2\globals.h(42): warning C4091: extern : пропускается слева от "Style::style", когда ни одна переменная не объявлена
  globals.cpp
c:\users\xxx\desktop\курсовой 2 семестр\oop-andermirik\kkk2\globals.h(11): warning C4091: extern : пропускается слева от "lang", когда ни одна переменная не объявлена
c:\users\xxx\desktop\курсовой 2 семестр\oop-andermirik\kkk2\globals.h(16): warning C4091: extern : пропускается слева от "namefile", когда ни одна переменная не объявлена
c:\users\xxx\desktop\курсовой 2 семестр\oop-andermirik\kkk2\globals.h(29): warning C4091: extern : пропускается слева от "slides", когда ни одна переменная не объявлена
c:\users\xxx\desktop\курсовой 2 семестр\oop-andermirik\kkk2\globals.h(42): warning C4091: extern : пропускается слева от "Style::style", когда ни одна переменная не объявлена
  Fly.cpp
c:\users\xxx\desktop\курсовой 2 семестр\oop-andermirik\kkk2\globals.h(11): warning C4091: extern : пропускается слева от "lang", когда ни одна переменная не объявлена
c:\users\xxx\desktop\курсовой 2 семестр\oop-andermirik\kkk2\globals.h(16): warning C4091: extern : пропускается слева от "namefile", когда ни одна переменная не объявлена
c:\users\xxx\desktop\курсовой 2 семестр\oop-andermirik\kkk2\globals.h(29): warning C4091: extern : пропускается слева от "slides", когда ни одна переменная не объявлена
c:\users\xxx\desktop\курсовой 2 семестр\oop-andermirik\kkk2\globals.h(42): warning C4091: extern : пропускается слева от "Style::style", когда ни одна переменная не объявлена
  container.cpp
c:\users\xxx\desktop\курсовой 2 семестр\oop-andermirik\kkk2\globals.h(11): warning C4091: extern : пропускается слева от "lang", когда ни одна переменная не объявлена
c:\users\xxx\desktop\курсовой 2 семестр\oop-andermirik\kkk2\globals.h(16): warning C4091: extern : пропускается слева от "namefile", когда ни одна переменная не объявлена
c:\users\xxx\desktop\курсовой 2 семестр\oop-andermirik\kkk2\globals.h(29): warning C4091: extern : пропускается слева от "slides", когда ни одна переменная не объявлена
c:\users\xxx\desktop\курсовой 2 семестр\oop-andermirik\kkk2\globals.h(42): warning C4091: extern : пропускается слева от "Style::style", когда ни одна переменная не объявлена
  Color.cpp
c:\users\xxx\desktop\курсовой 2 семестр\oop-andermirik\kkk2\globals.h(11): warning C4091: extern : пропускается слева от "lang", когда ни одна переменная не объявлена
c:\users\xxx\desktop\курсовой 2 семестр\oop-andermirik\kkk2\globals.h(16): warning C4091: extern : пропускается слева от "namefile", когда ни одна переменная не объявлена
c:\users\xxx\desktop\курсовой 2 семестр\oop-andermirik\kkk2\globals.h(29): warning C4091: extern : пропускается слева от "slides", когда ни одна переменная не объявлена
c:\users\xxx\desktop\курсовой 2 семестр\oop-andermirik\kkk2\globals.h(42): warning C4091: extern : пропускается слева от "Style::style", когда ни одна переменная не объявлена
  Airplane.cpp
c:\users\xxx\desktop\курсовой 2 семестр\oop-andermirik\kkk2\globals.h(11): warning C4091: extern : пропускается слева от "lang", когда ни одна переменная не объявлена
c:\users\xxx\desktop\курсовой 2 семестр\oop-andermirik\kkk2\globals.h(16): warning C4091: extern : пропускается слева от "namefile", когда ни одна переменная не объявлена
c:\users\xxx\desktop\курсовой 2 семестр\oop-andermirik\kkk2\globals.h(29): warning C4091: extern : пропускается слева от "slides", когда ни одна переменная не объявлена
c:\users\xxx\desktop\курсовой 2 семестр\oop-andermirik\kkk2\globals.h(42): warning C4091: extern : пропускается слева от "Style::style", когда ни одна переменная не объявлена
  Создание кода...
